<?xml version="1.0" encoding="UTF-8"?>
<!-- Generated by org.testng.reporters.JUnitReportReporter -->
<testsuite hostname="DESKTOP-NV6E2NO" failures="0" tests="1" name="com.qa.fb.keyword.login.LoginTest" time="15.808" errors="0" timestamp="11 Aug 2022 18:40:37 GMT" skipped="0">
  <testcase classname="com.qa.fb.keyword.login.LoginTest" name="signUpTest" time="15.808"/>
</testsuite> <!-- com.qa.fb.keyword.login.LoginTest -->
